[2019-02-03T04:49:06,248][INFO ][o.e.n.Node               ] [node-1] initializing ...
[2019-02-03T04:49:06,394][INFO ][o.e.e.NodeEnvironment    ] [node-1] using [1] data paths, mounts [[/ (/dev/disk0s2)]], net usable_space [798.4gb], net total_space [930.7gb], types [hfs]
[2019-02-03T04:49:06,395][INFO ][o.e.e.NodeEnvironment    ] [node-1] heap size [1.7gb], compressed ordinary object pointers [true]
[2019-02-03T04:49:06,397][INFO ][o.e.n.Node               ] [node-1] node name [node-1], node ID [nz_VpI8MTpuSUQOaRcGdLw]
[2019-02-03T04:49:06,397][INFO ][o.e.n.Node               ] [node-1] version[6.1.0-SNAPSHOT], pid[3083], build[Unknown/Unknown], OS[Mac OS X/10.13.4/x86_64], JVM[Oracle Corporation/Java HotSpot(TM) 64-Bit Server VM/1.8.0_151/25.151-b12]
[2019-02-03T04:49:06,397][INFO ][o.e.n.Node               ] [node-1] JVM arguments [-javaagent:/Applications/IntelliJ IDEA.app/Contents/lib/idea_rt.jar=57637:/Applications/IntelliJ IDEA.app/Contents/bin, -Dfile.encoding=UTF-8]
[2019-02-03T04:49:06,397][WARN ][o.e.n.Node               ] [node-1] version [6.1.0-SNAPSHOT] is a pre-release version of Elasticsearch and is not suitable for production
[2019-02-03T04:49:06,402][ERROR][o.e.b.Bootstrap          ] Exception
java.lang.IllegalStateException: Unable to initialize modules
	at org.elasticsearch.plugins.PluginsService.<init>(PluginsService.java:125) ~[main/:?]
	at org.elasticsearch.node.Node.<init>(Node.java:302) ~[main/:?]
	at org.elasticsearch.node.Node.<init>(Node.java:245) ~[main/:?]
	at org.elasticsearch.bootstrap.Bootstrap$5.<init>(Bootstrap.java:212) ~[main/:?]
	at org.elasticsearch.bootstrap.Bootstrap.setup(Bootstrap.java:212) ~[main/:?]
	at org.elasticsearch.bootstrap.Bootstrap.init(Bootstrap.java:322) [main/:?]
	at org.elasticsearch.bootstrap.Elasticsearch.init(Elasticsearch.java:125) [main/:?]
	at org.elasticsearch.bootstrap.Elasticsearch.execute(Elasticsearch.java:116) [main/:?]
	at org.elasticsearch.cli.EnvironmentAwareCommand.execute(EnvironmentAwareCommand.java:86) [main/:?]
	at org.elasticsearch.cli.Command.mainWithoutErrorHandling(Command.java:124) [main/:?]
	at org.elasticsearch.cli.Command.main(Command.java:90) [main/:?]
	at org.elasticsearch.bootstrap.Elasticsearch.main(Elasticsearch.java:96) [main/:?]
	at org.elasticsearch.bootstrap.Elasticsearch.main(Elasticsearch.java:89) [main/:?]
Caused by: java.nio.file.NoSuchFileException: /worker/workspace/es/e610/modules/aggs-matrix-stats/plugin-descriptor.properties
	at sun.nio.fs.UnixException.translateToIOException(UnixException.java:86) ~[?:?]
	at sun.nio.fs.UnixException.rethrowAsIOException(UnixException.java:102) ~[?:?]
	at sun.nio.fs.UnixException.rethrowAsIOException(UnixException.java:107) ~[?:?]
	at sun.nio.fs.UnixFileSystemProvider.newByteChannel(UnixFileSystemProvider.java:214) ~[?:?]
	at java.nio.file.Files.newByteChannel(Files.java:361) ~[?:1.8.0_151]
	at java.nio.file.Files.newByteChannel(Files.java:407) ~[?:1.8.0_151]
	at java.nio.file.spi.FileSystemProvider.newInputStream(FileSystemProvider.java:384) ~[?:1.8.0_151]
	at java.nio.file.Files.newInputStream(Files.java:152) ~[?:1.8.0_151]
	at org.elasticsearch.plugins.PluginInfo.readFromProperties(PluginInfo.java:123) ~[main/:?]
	at org.elasticsearch.plugins.PluginsService.getModuleBundles(PluginsService.java:275) ~[main/:?]
	at org.elasticsearch.plugins.PluginsService.<init>(PluginsService.java:119) ~[main/:?]
	... 12 more
[2019-02-03T04:49:06,412][WARN ][o.e.b.ElasticsearchUncaughtExceptionHandler] [node-1] uncaught exception in thread [main]
org.elasticsearch.bootstrap.StartupException: java.lang.IllegalStateException: Unable to initialize modules
	at org.elasticsearch.bootstrap.Elasticsearch.init(Elasticsearch.java:129) ~[main/:?]
	at org.elasticsearch.bootstrap.Elasticsearch.execute(Elasticsearch.java:116) ~[main/:?]
	at org.elasticsearch.cli.EnvironmentAwareCommand.execute(EnvironmentAwareCommand.java:86) ~[main/:?]
	at org.elasticsearch.cli.Command.mainWithoutErrorHandling(Command.java:124) ~[main/:?]
	at org.elasticsearch.cli.Command.main(Command.java:90) ~[main/:?]
	at org.elasticsearch.bootstrap.Elasticsearch.main(Elasticsearch.java:96) ~[main/:?]
	at org.elasticsearch.bootstrap.Elasticsearch.main(Elasticsearch.java:89) ~[main/:?]
Caused by: java.lang.IllegalStateException: Unable to initialize modules
	at org.elasticsearch.plugins.PluginsService.<init>(PluginsService.java:125) ~[main/:?]
	at org.elasticsearch.node.Node.<init>(Node.java:302) ~[main/:?]
	at org.elasticsearch.node.Node.<init>(Node.java:245) ~[main/:?]
	at org.elasticsearch.bootstrap.Bootstrap$5.<init>(Bootstrap.java:212) ~[main/:?]
	at org.elasticsearch.bootstrap.Bootstrap.setup(Bootstrap.java:212) ~[main/:?]
	at org.elasticsearch.bootstrap.Bootstrap.init(Bootstrap.java:322) ~[main/:?]
	at org.elasticsearch.bootstrap.Elasticsearch.init(Elasticsearch.java:125) ~[main/:?]
	... 6 more
Caused by: java.nio.file.NoSuchFileException: /worker/workspace/es/e610/modules/aggs-matrix-stats/plugin-descriptor.properties
	at sun.nio.fs.UnixException.translateToIOException(UnixException.java:86) ~[?:?]
	at sun.nio.fs.UnixException.rethrowAsIOException(UnixException.java:102) ~[?:?]
	at sun.nio.fs.UnixException.rethrowAsIOException(UnixException.java:107) ~[?:?]
	at sun.nio.fs.UnixFileSystemProvider.newByteChannel(UnixFileSystemProvider.java:214) ~[?:?]
	at java.nio.file.Files.newByteChannel(Files.java:361) ~[?:1.8.0_151]
	at java.nio.file.Files.newByteChannel(Files.java:407) ~[?:1.8.0_151]
	at java.nio.file.spi.FileSystemProvider.newInputStream(FileSystemProvider.java:384) ~[?:1.8.0_151]
	at java.nio.file.Files.newInputStream(Files.java:152) ~[?:1.8.0_151]
	at org.elasticsearch.plugins.PluginInfo.readFromProperties(PluginInfo.java:123) ~[main/:?]
	at org.elasticsearch.plugins.PluginsService.getModuleBundles(PluginsService.java:275) ~[main/:?]
	at org.elasticsearch.plugins.PluginsService.<init>(PluginsService.java:119) ~[main/:?]
	at org.elasticsearch.node.Node.<init>(Node.java:302) ~[main/:?]
	at org.elasticsearch.node.Node.<init>(Node.java:245) ~[main/:?]
	at org.elasticsearch.bootstrap.Bootstrap$5.<init>(Bootstrap.java:212) ~[main/:?]
	at org.elasticsearch.bootstrap.Bootstrap.setup(Bootstrap.java:212) ~[main/:?]
	at org.elasticsearch.bootstrap.Bootstrap.init(Bootstrap.java:322) ~[main/:?]
	at org.elasticsearch.bootstrap.Elasticsearch.init(Elasticsearch.java:125) ~[main/:?]
	... 6 more
[2019-02-03T04:53:42,603][INFO ][o.e.n.Node               ] [node-1] initializing ...
[2019-02-03T04:53:42,711][INFO ][o.e.e.NodeEnvironment    ] [node-1] using [1] data paths, mounts [[/ (/dev/disk0s2)]], net usable_space [798.4gb], net total_space [930.7gb], types [hfs]
[2019-02-03T04:53:42,711][INFO ][o.e.e.NodeEnvironment    ] [node-1] heap size [1.7gb], compressed ordinary object pointers [true]
[2019-02-03T04:53:42,712][INFO ][o.e.n.Node               ] [node-1] node name [node-1], node ID [nz_VpI8MTpuSUQOaRcGdLw]
[2019-02-03T04:53:42,712][INFO ][o.e.n.Node               ] [node-1] version[6.1.0-SNAPSHOT], pid[3086], build[Unknown/Unknown], OS[Mac OS X/10.13.4/x86_64], JVM[Oracle Corporation/Java HotSpot(TM) 64-Bit Server VM/1.8.0_151/25.151-b12]
[2019-02-03T04:53:42,713][INFO ][o.e.n.Node               ] [node-1] JVM arguments [-javaagent:/Applications/IntelliJ IDEA.app/Contents/lib/idea_rt.jar=57754:/Applications/IntelliJ IDEA.app/Contents/bin, -Dfile.encoding=UTF-8]
[2019-02-03T04:53:42,713][WARN ][o.e.n.Node               ] [node-1] version [6.1.0-SNAPSHOT] is a pre-release version of Elasticsearch and is not suitable for production
[2019-02-03T04:53:42,718][ERROR][o.e.b.Bootstrap          ] Exception
java.lang.IllegalStateException: Unable to initialize modules
	at org.elasticsearch.plugins.PluginsService.<init>(PluginsService.java:125) ~[main/:?]
	at org.elasticsearch.node.Node.<init>(Node.java:302) ~[main/:?]
	at org.elasticsearch.node.Node.<init>(Node.java:245) ~[main/:?]
	at org.elasticsearch.bootstrap.Bootstrap$5.<init>(Bootstrap.java:212) ~[main/:?]
	at org.elasticsearch.bootstrap.Bootstrap.setup(Bootstrap.java:212) ~[main/:?]
	at org.elasticsearch.bootstrap.Bootstrap.init(Bootstrap.java:322) [main/:?]
	at org.elasticsearch.bootstrap.Elasticsearch.init(Elasticsearch.java:125) [main/:?]
	at org.elasticsearch.bootstrap.Elasticsearch.execute(Elasticsearch.java:116) [main/:?]
	at org.elasticsearch.cli.EnvironmentAwareCommand.execute(EnvironmentAwareCommand.java:86) [main/:?]
	at org.elasticsearch.cli.Command.mainWithoutErrorHandling(Command.java:124) [main/:?]
	at org.elasticsearch.cli.Command.main(Command.java:90) [main/:?]
	at org.elasticsearch.bootstrap.Elasticsearch.main(Elasticsearch.java:96) [main/:?]
	at org.elasticsearch.bootstrap.Elasticsearch.main(Elasticsearch.java:89) [main/:?]
Caused by: java.nio.file.NoSuchFileException: /worker/workspace/es/e610/modules/aggs-matrix-stats/plugin-descriptor.properties
	at sun.nio.fs.UnixException.translateToIOException(UnixException.java:86) ~[?:?]
	at sun.nio.fs.UnixException.rethrowAsIOException(UnixException.java:102) ~[?:?]
	at sun.nio.fs.UnixException.rethrowAsIOException(UnixException.java:107) ~[?:?]
	at sun.nio.fs.UnixFileSystemProvider.newByteChannel(UnixFileSystemProvider.java:214) ~[?:?]
	at java.nio.file.Files.newByteChannel(Files.java:361) ~[?:1.8.0_151]
	at java.nio.file.Files.newByteChannel(Files.java:407) ~[?:1.8.0_151]
	at java.nio.file.spi.FileSystemProvider.newInputStream(FileSystemProvider.java:384) ~[?:1.8.0_151]
	at java.nio.file.Files.newInputStream(Files.java:152) ~[?:1.8.0_151]
	at org.elasticsearch.plugins.PluginInfo.readFromProperties(PluginInfo.java:123) ~[main/:?]
	at org.elasticsearch.plugins.PluginsService.getModuleBundles(PluginsService.java:275) ~[main/:?]
	at org.elasticsearch.plugins.PluginsService.<init>(PluginsService.java:119) ~[main/:?]
	... 12 more
[2019-02-03T04:53:42,730][WARN ][o.e.b.ElasticsearchUncaughtExceptionHandler] [node-1] uncaught exception in thread [main]
org.elasticsearch.bootstrap.StartupException: java.lang.IllegalStateException: Unable to initialize modules
	at org.elasticsearch.bootstrap.Elasticsearch.init(Elasticsearch.java:129) ~[main/:?]
	at org.elasticsearch.bootstrap.Elasticsearch.execute(Elasticsearch.java:116) ~[main/:?]
	at org.elasticsearch.cli.EnvironmentAwareCommand.execute(EnvironmentAwareCommand.java:86) ~[main/:?]
	at org.elasticsearch.cli.Command.mainWithoutErrorHandling(Command.java:124) ~[main/:?]
	at org.elasticsearch.cli.Command.main(Command.java:90) ~[main/:?]
	at org.elasticsearch.bootstrap.Elasticsearch.main(Elasticsearch.java:96) ~[main/:?]
	at org.elasticsearch.bootstrap.Elasticsearch.main(Elasticsearch.java:89) ~[main/:?]
Caused by: java.lang.IllegalStateException: Unable to initialize modules
	at org.elasticsearch.plugins.PluginsService.<init>(PluginsService.java:125) ~[main/:?]
	at org.elasticsearch.node.Node.<init>(Node.java:302) ~[main/:?]
	at org.elasticsearch.node.Node.<init>(Node.java:245) ~[main/:?]
	at org.elasticsearch.bootstrap.Bootstrap$5.<init>(Bootstrap.java:212) ~[main/:?]
	at org.elasticsearch.bootstrap.Bootstrap.setup(Bootstrap.java:212) ~[main/:?]
	at org.elasticsearch.bootstrap.Bootstrap.init(Bootstrap.java:322) ~[main/:?]
	at org.elasticsearch.bootstrap.Elasticsearch.init(Elasticsearch.java:125) ~[main/:?]
	... 6 more
Caused by: java.nio.file.NoSuchFileException: /worker/workspace/es/e610/modules/aggs-matrix-stats/plugin-descriptor.properties
	at sun.nio.fs.UnixException.translateToIOException(UnixException.java:86) ~[?:?]
	at sun.nio.fs.UnixException.rethrowAsIOException(UnixException.java:102) ~[?:?]
	at sun.nio.fs.UnixException.rethrowAsIOException(UnixException.java:107) ~[?:?]
	at sun.nio.fs.UnixFileSystemProvider.newByteChannel(UnixFileSystemProvider.java:214) ~[?:?]
	at java.nio.file.Files.newByteChannel(Files.java:361) ~[?:1.8.0_151]
	at java.nio.file.Files.newByteChannel(Files.java:407) ~[?:1.8.0_151]
	at java.nio.file.spi.FileSystemProvider.newInputStream(FileSystemProvider.java:384) ~[?:1.8.0_151]
	at java.nio.file.Files.newInputStream(Files.java:152) ~[?:1.8.0_151]
	at org.elasticsearch.plugins.PluginInfo.readFromProperties(PluginInfo.java:123) ~[main/:?]
	at org.elasticsearch.plugins.PluginsService.getModuleBundles(PluginsService.java:275) ~[main/:?]
	at org.elasticsearch.plugins.PluginsService.<init>(PluginsService.java:119) ~[main/:?]
	at org.elasticsearch.node.Node.<init>(Node.java:302) ~[main/:?]
	at org.elasticsearch.node.Node.<init>(Node.java:245) ~[main/:?]
	at org.elasticsearch.bootstrap.Bootstrap$5.<init>(Bootstrap.java:212) ~[main/:?]
	at org.elasticsearch.bootstrap.Bootstrap.setup(Bootstrap.java:212) ~[main/:?]
	at org.elasticsearch.bootstrap.Bootstrap.init(Bootstrap.java:322) ~[main/:?]
	at org.elasticsearch.bootstrap.Elasticsearch.init(Elasticsearch.java:125) ~[main/:?]
	... 6 more
[2019-02-03T04:55:20,784][INFO ][o.e.n.Node               ] [node-1] initializing ...
[2019-02-03T04:55:20,880][INFO ][o.e.e.NodeEnvironment    ] [node-1] using [1] data paths, mounts [[/ (/dev/disk0s2)]], net usable_space [798.4gb], net total_space [930.7gb], types [hfs]
[2019-02-03T04:55:20,880][INFO ][o.e.e.NodeEnvironment    ] [node-1] heap size [1.7gb], compressed ordinary object pointers [true]
[2019-02-03T04:55:20,881][INFO ][o.e.n.Node               ] [node-1] node name [node-1], node ID [nz_VpI8MTpuSUQOaRcGdLw]
[2019-02-03T04:55:20,882][INFO ][o.e.n.Node               ] [node-1] version[6.1.0-SNAPSHOT], pid[3089], build[Unknown/Unknown], OS[Mac OS X/10.13.4/x86_64], JVM[Oracle Corporation/Java HotSpot(TM) 64-Bit Server VM/1.8.0_151/25.151-b12]
[2019-02-03T04:55:20,882][INFO ][o.e.n.Node               ] [node-1] JVM arguments [-javaagent:/Applications/IntelliJ IDEA.app/Contents/lib/idea_rt.jar=57776:/Applications/IntelliJ IDEA.app/Contents/bin, -Dfile.encoding=UTF-8]
[2019-02-03T04:55:20,882][WARN ][o.e.n.Node               ] [node-1] version [6.1.0-SNAPSHOT] is a pre-release version of Elasticsearch and is not suitable for production
[2019-02-03T04:55:20,893][INFO ][o.e.p.PluginsService     ] [node-1] no modules loaded
[2019-02-03T04:55:20,893][INFO ][o.e.p.PluginsService     ] [node-1] no plugins loaded
[2019-02-03T04:55:25,516][ERROR][o.e.b.Bootstrap          ] Exception
java.lang.IllegalStateException: Unsupported transport.type []
	at org.elasticsearch.common.network.NetworkModule.getTransportSupplier(NetworkModule.java:210) ~[main/:?]
	at org.elasticsearch.node.Node.<init>(Node.java:424) ~[main/:?]
	at org.elasticsearch.node.Node.<init>(Node.java:245) ~[main/:?]
	at org.elasticsearch.bootstrap.Bootstrap$5.<init>(Bootstrap.java:212) ~[main/:?]
	at org.elasticsearch.bootstrap.Bootstrap.setup(Bootstrap.java:212) ~[main/:?]
	at org.elasticsearch.bootstrap.Bootstrap.init(Bootstrap.java:322) [main/:?]
	at org.elasticsearch.bootstrap.Elasticsearch.init(Elasticsearch.java:125) [main/:?]
	at org.elasticsearch.bootstrap.Elasticsearch.execute(Elasticsearch.java:116) [main/:?]
	at org.elasticsearch.cli.EnvironmentAwareCommand.execute(EnvironmentAwareCommand.java:86) [main/:?]
	at org.elasticsearch.cli.Command.mainWithoutErrorHandling(Command.java:124) [main/:?]
	at org.elasticsearch.cli.Command.main(Command.java:90) [main/:?]
	at org.elasticsearch.bootstrap.Elasticsearch.main(Elasticsearch.java:96) [main/:?]
	at org.elasticsearch.bootstrap.Elasticsearch.main(Elasticsearch.java:89) [main/:?]
[2019-02-03T04:55:25,523][WARN ][o.e.b.ElasticsearchUncaughtExceptionHandler] [node-1] uncaught exception in thread [main]
org.elasticsearch.bootstrap.StartupException: java.lang.IllegalStateException: Unsupported transport.type []
	at org.elasticsearch.bootstrap.Elasticsearch.init(Elasticsearch.java:129) ~[main/:?]
	at org.elasticsearch.bootstrap.Elasticsearch.execute(Elasticsearch.java:116) ~[main/:?]
	at org.elasticsearch.cli.EnvironmentAwareCommand.execute(EnvironmentAwareCommand.java:86) ~[main/:?]
	at org.elasticsearch.cli.Command.mainWithoutErrorHandling(Command.java:124) ~[main/:?]
	at org.elasticsearch.cli.Command.main(Command.java:90) ~[main/:?]
	at org.elasticsearch.bootstrap.Elasticsearch.main(Elasticsearch.java:96) ~[main/:?]
	at org.elasticsearch.bootstrap.Elasticsearch.main(Elasticsearch.java:89) ~[main/:?]
Caused by: java.lang.IllegalStateException: Unsupported transport.type []
	at org.elasticsearch.common.network.NetworkModule.getTransportSupplier(NetworkModule.java:210) ~[main/:?]
	at org.elasticsearch.node.Node.<init>(Node.java:424) ~[main/:?]
	at org.elasticsearch.node.Node.<init>(Node.java:245) ~[main/:?]
	at org.elasticsearch.bootstrap.Bootstrap$5.<init>(Bootstrap.java:212) ~[main/:?]
	at org.elasticsearch.bootstrap.Bootstrap.setup(Bootstrap.java:212) ~[main/:?]
	at org.elasticsearch.bootstrap.Bootstrap.init(Bootstrap.java:322) ~[main/:?]
	at org.elasticsearch.bootstrap.Elasticsearch.init(Elasticsearch.java:125) ~[main/:?]
	... 6 more
[2019-02-03T04:57:56,495][INFO ][o.e.n.Node               ] [node-1] initializing ...
[2019-02-03T04:57:56,593][INFO ][o.e.e.NodeEnvironment    ] [node-1] using [1] data paths, mounts [[/ (/dev/disk0s2)]], net usable_space [799.4gb], net total_space [930.7gb], types [hfs]
[2019-02-03T04:57:56,594][INFO ][o.e.e.NodeEnvironment    ] [node-1] heap size [1.7gb], compressed ordinary object pointers [true]
[2019-02-03T04:57:56,595][INFO ][o.e.n.Node               ] [node-1] node name [node-1], node ID [nz_VpI8MTpuSUQOaRcGdLw]
[2019-02-03T04:57:56,595][INFO ][o.e.n.Node               ] [node-1] version[6.1.0-SNAPSHOT], pid[3095], build[Unknown/Unknown], OS[Mac OS X/10.13.4/x86_64], JVM[Oracle Corporation/Java HotSpot(TM) 64-Bit Server VM/1.8.0_151/25.151-b12]
[2019-02-03T04:57:56,595][INFO ][o.e.n.Node               ] [node-1] JVM arguments [-javaagent:/Applications/IntelliJ IDEA.app/Contents/lib/idea_rt.jar=57812:/Applications/IntelliJ IDEA.app/Contents/bin, -Dfile.encoding=UTF-8]
[2019-02-03T04:57:56,596][WARN ][o.e.n.Node               ] [node-1] version [6.1.0-SNAPSHOT] is a pre-release version of Elasticsearch and is not suitable for production
[2019-02-03T04:57:56,600][INFO ][o.e.p.PluginsService     ] [node-1] no modules loaded
[2019-02-03T04:57:56,601][INFO ][o.e.p.PluginsService     ] [node-1] no plugins loaded
[2019-02-03T04:57:57,962][ERROR][o.e.b.Bootstrap          ] Exception
java.lang.IllegalStateException: Unsupported transport.type []
	at org.elasticsearch.common.network.NetworkModule.getTransportSupplier(NetworkModule.java:210) ~[main/:?]
	at org.elasticsearch.node.Node.<init>(Node.java:424) ~[main/:?]
	at org.elasticsearch.node.Node.<init>(Node.java:245) ~[main/:?]
	at org.elasticsearch.bootstrap.Bootstrap$5.<init>(Bootstrap.java:212) ~[main/:?]
	at org.elasticsearch.bootstrap.Bootstrap.setup(Bootstrap.java:212) ~[main/:?]
	at org.elasticsearch.bootstrap.Bootstrap.init(Bootstrap.java:322) [main/:?]
	at org.elasticsearch.bootstrap.Elasticsearch.init(Elasticsearch.java:125) [main/:?]
	at org.elasticsearch.bootstrap.Elasticsearch.execute(Elasticsearch.java:116) [main/:?]
	at org.elasticsearch.cli.EnvironmentAwareCommand.execute(EnvironmentAwareCommand.java:86) [main/:?]
	at org.elasticsearch.cli.Command.mainWithoutErrorHandling(Command.java:124) [main/:?]
	at org.elasticsearch.cli.Command.main(Command.java:90) [main/:?]
	at org.elasticsearch.bootstrap.Elasticsearch.main(Elasticsearch.java:96) [main/:?]
	at org.elasticsearch.bootstrap.Elasticsearch.main(Elasticsearch.java:89) [main/:?]
[2019-02-03T04:57:57,970][WARN ][o.e.b.ElasticsearchUncaughtExceptionHandler] [node-1] uncaught exception in thread [main]
org.elasticsearch.bootstrap.StartupException: java.lang.IllegalStateException: Unsupported transport.type []
	at org.elasticsearch.bootstrap.Elasticsearch.init(Elasticsearch.java:129) ~[main/:?]
	at org.elasticsearch.bootstrap.Elasticsearch.execute(Elasticsearch.java:116) ~[main/:?]
	at org.elasticsearch.cli.EnvironmentAwareCommand.execute(EnvironmentAwareCommand.java:86) ~[main/:?]
	at org.elasticsearch.cli.Command.mainWithoutErrorHandling(Command.java:124) ~[main/:?]
	at org.elasticsearch.cli.Command.main(Command.java:90) ~[main/:?]
	at org.elasticsearch.bootstrap.Elasticsearch.main(Elasticsearch.java:96) ~[main/:?]
	at org.elasticsearch.bootstrap.Elasticsearch.main(Elasticsearch.java:89) ~[main/:?]
Caused by: java.lang.IllegalStateException: Unsupported transport.type []
	at org.elasticsearch.common.network.NetworkModule.getTransportSupplier(NetworkModule.java:210) ~[main/:?]
	at org.elasticsearch.node.Node.<init>(Node.java:424) ~[main/:?]
	at org.elasticsearch.node.Node.<init>(Node.java:245) ~[main/:?]
	at org.elasticsearch.bootstrap.Bootstrap$5.<init>(Bootstrap.java:212) ~[main/:?]
	at org.elasticsearch.bootstrap.Bootstrap.setup(Bootstrap.java:212) ~[main/:?]
	at org.elasticsearch.bootstrap.Bootstrap.init(Bootstrap.java:322) ~[main/:?]
	at org.elasticsearch.bootstrap.Elasticsearch.init(Elasticsearch.java:125) ~[main/:?]
	... 6 more
[2019-02-03T04:58:38,533][INFO ][o.e.n.Node               ] [node-1] initializing ...
[2019-02-03T04:58:38,630][INFO ][o.e.e.NodeEnvironment    ] [node-1] using [1] data paths, mounts [[/ (/dev/disk0s2)]], net usable_space [799.4gb], net total_space [930.7gb], types [hfs]
[2019-02-03T04:58:38,630][INFO ][o.e.e.NodeEnvironment    ] [node-1] heap size [1.7gb], compressed ordinary object pointers [true]
[2019-02-03T04:58:38,631][INFO ][o.e.n.Node               ] [node-1] node name [node-1], node ID [nz_VpI8MTpuSUQOaRcGdLw]
[2019-02-03T04:58:38,632][INFO ][o.e.n.Node               ] [node-1] version[6.1.0-SNAPSHOT], pid[3100], build[Unknown/Unknown], OS[Mac OS X/10.13.4/x86_64], JVM[Oracle Corporation/Java HotSpot(TM) 64-Bit Server VM/1.8.0_151/25.151-b12]
[2019-02-03T04:58:38,632][INFO ][o.e.n.Node               ] [node-1] JVM arguments [-javaagent:/Applications/IntelliJ IDEA.app/Contents/lib/idea_rt.jar=57819:/Applications/IntelliJ IDEA.app/Contents/bin, -Dfile.encoding=UTF-8]
[2019-02-03T04:58:38,632][WARN ][o.e.n.Node               ] [node-1] version [6.1.0-SNAPSHOT] is a pre-release version of Elasticsearch and is not suitable for production
[2019-02-03T04:58:38,636][INFO ][o.e.p.PluginsService     ] [node-1] no modules loaded
[2019-02-03T04:58:38,637][INFO ][o.e.p.PluginsService     ] [node-1] no plugins loaded
[2019-02-03T04:58:40,057][ERROR][o.e.b.Bootstrap          ] Exception
java.lang.IllegalStateException: Unsupported transport.type []
	at org.elasticsearch.common.network.NetworkModule.getTransportSupplier(NetworkModule.java:210) ~[main/:?]
	at org.elasticsearch.node.Node.<init>(Node.java:424) ~[main/:?]
	at org.elasticsearch.node.Node.<init>(Node.java:245) ~[main/:?]
	at org.elasticsearch.bootstrap.Bootstrap$5.<init>(Bootstrap.java:212) ~[main/:?]
	at org.elasticsearch.bootstrap.Bootstrap.setup(Bootstrap.java:212) ~[main/:?]
	at org.elasticsearch.bootstrap.Bootstrap.init(Bootstrap.java:322) [main/:?]
	at org.elasticsearch.bootstrap.Elasticsearch.init(Elasticsearch.java:125) [main/:?]
	at org.elasticsearch.bootstrap.Elasticsearch.execute(Elasticsearch.java:116) [main/:?]
	at org.elasticsearch.cli.EnvironmentAwareCommand.execute(EnvironmentAwareCommand.java:86) [main/:?]
	at org.elasticsearch.cli.Command.mainWithoutErrorHandling(Command.java:124) [main/:?]
	at org.elasticsearch.cli.Command.main(Command.java:90) [main/:?]
	at org.elasticsearch.bootstrap.Elasticsearch.main(Elasticsearch.java:96) [main/:?]
	at org.elasticsearch.bootstrap.Elasticsearch.main(Elasticsearch.java:89) [main/:?]
[2019-02-03T04:58:40,066][WARN ][o.e.b.ElasticsearchUncaughtExceptionHandler] [node-1] uncaught exception in thread [main]
org.elasticsearch.bootstrap.StartupException: java.lang.IllegalStateException: Unsupported transport.type []
	at org.elasticsearch.bootstrap.Elasticsearch.init(Elasticsearch.java:129) ~[main/:?]
	at org.elasticsearch.bootstrap.Elasticsearch.execute(Elasticsearch.java:116) ~[main/:?]
	at org.elasticsearch.cli.EnvironmentAwareCommand.execute(EnvironmentAwareCommand.java:86) ~[main/:?]
	at org.elasticsearch.cli.Command.mainWithoutErrorHandling(Command.java:124) ~[main/:?]
	at org.elasticsearch.cli.Command.main(Command.java:90) ~[main/:?]
	at org.elasticsearch.bootstrap.Elasticsearch.main(Elasticsearch.java:96) ~[main/:?]
	at org.elasticsearch.bootstrap.Elasticsearch.main(Elasticsearch.java:89) ~[main/:?]
Caused by: java.lang.IllegalStateException: Unsupported transport.type []
	at org.elasticsearch.common.network.NetworkModule.getTransportSupplier(NetworkModule.java:210) ~[main/:?]
	at org.elasticsearch.node.Node.<init>(Node.java:424) ~[main/:?]
	at org.elasticsearch.node.Node.<init>(Node.java:245) ~[main/:?]
	at org.elasticsearch.bootstrap.Bootstrap$5.<init>(Bootstrap.java:212) ~[main/:?]
	at org.elasticsearch.bootstrap.Bootstrap.setup(Bootstrap.java:212) ~[main/:?]
	at org.elasticsearch.bootstrap.Bootstrap.init(Bootstrap.java:322) ~[main/:?]
	at org.elasticsearch.bootstrap.Elasticsearch.init(Elasticsearch.java:125) ~[main/:?]
	... 6 more
[2019-02-03T04:59:53,792][INFO ][o.e.n.Node               ] [node-1] initializing ...
[2019-02-03T04:59:53,971][INFO ][o.e.e.NodeEnvironment    ] [node-1] using [1] data paths, mounts [[/ (/dev/disk0s2)]], net usable_space [799.4gb], net total_space [930.7gb], types [hfs]
[2019-02-03T04:59:53,972][INFO ][o.e.e.NodeEnvironment    ] [node-1] heap size [1.7gb], compressed ordinary object pointers [true]
[2019-02-03T04:59:53,973][INFO ][o.e.n.Node               ] [node-1] node name [node-1], node ID [nz_VpI8MTpuSUQOaRcGdLw]
[2019-02-03T04:59:53,973][INFO ][o.e.n.Node               ] [node-1] version[6.1.0-SNAPSHOT], pid[3101], build[Unknown/Unknown], OS[Mac OS X/10.13.4/x86_64], JVM[Oracle Corporation/Java HotSpot(TM) 64-Bit Server VM/1.8.0_151/25.151-b12]
[2019-02-03T04:59:53,973][INFO ][o.e.n.Node               ] [node-1] JVM arguments [-agentlib:jdwp=transport=dt_socket,address=127.0.0.1:57839,suspend=y,server=n, -javaagent:/Users/zscomehuyue/Library/Caches/IntelliJIdea2017.2/groovyHotSwap/gragent.jar, -Dfile.encoding=UTF-8]
[2019-02-03T04:59:53,974][WARN ][o.e.n.Node               ] [node-1] version [6.1.0-SNAPSHOT] is a pre-release version of Elasticsearch and is not suitable for production
[2019-02-03T04:59:53,980][INFO ][o.e.p.PluginsService     ] [node-1] no modules loaded
[2019-02-03T04:59:53,980][INFO ][o.e.p.PluginsService     ] [node-1] no plugins loaded
[2019-02-03T05:03:20,141][ERROR][o.e.b.Bootstrap          ] Exception
java.lang.IllegalStateException: Unsupported transport.type []
	at org.elasticsearch.common.network.NetworkModule.getTransportSupplier(NetworkModule.java:210) ~[main/:?]
	at org.elasticsearch.node.Node.<init>(Node.java:424) ~[main/:?]
	at org.elasticsearch.node.Node.<init>(Node.java:245) ~[main/:?]
	at org.elasticsearch.bootstrap.Bootstrap$5.<init>(Bootstrap.java:212) ~[main/:?]
	at org.elasticsearch.bootstrap.Bootstrap.setup(Bootstrap.java:212) ~[main/:?]
	at org.elasticsearch.bootstrap.Bootstrap.init(Bootstrap.java:322) [main/:?]
	at org.elasticsearch.bootstrap.Elasticsearch.init(Elasticsearch.java:125) [main/:?]
	at org.elasticsearch.bootstrap.Elasticsearch.execute(Elasticsearch.java:116) [main/:?]
	at org.elasticsearch.cli.EnvironmentAwareCommand.execute(EnvironmentAwareCommand.java:86) [main/:?]
	at org.elasticsearch.cli.Command.mainWithoutErrorHandling(Command.java:124) [main/:?]
	at org.elasticsearch.cli.Command.main(Command.java:90) [main/:?]
	at org.elasticsearch.bootstrap.Elasticsearch.main(Elasticsearch.java:96) [main/:?]
	at org.elasticsearch.bootstrap.Elasticsearch.main(Elasticsearch.java:89) [main/:?]
[2019-02-03T05:03:20,150][WARN ][o.e.b.ElasticsearchUncaughtExceptionHandler] [node-1] uncaught exception in thread [main]
org.elasticsearch.bootstrap.StartupException: java.lang.IllegalStateException: Unsupported transport.type []
	at org.elasticsearch.bootstrap.Elasticsearch.init(Elasticsearch.java:129) ~[main/:?]
	at org.elasticsearch.bootstrap.Elasticsearch.execute(Elasticsearch.java:116) ~[main/:?]
	at org.elasticsearch.cli.EnvironmentAwareCommand.execute(EnvironmentAwareCommand.java:86) ~[main/:?]
	at org.elasticsearch.cli.Command.mainWithoutErrorHandling(Command.java:124) ~[main/:?]
	at org.elasticsearch.cli.Command.main(Command.java:90) ~[main/:?]
	at org.elasticsearch.bootstrap.Elasticsearch.main(Elasticsearch.java:96) ~[main/:?]
	at org.elasticsearch.bootstrap.Elasticsearch.main(Elasticsearch.java:89) ~[main/:?]
Caused by: java.lang.IllegalStateException: Unsupported transport.type []
	at org.elasticsearch.common.network.NetworkModule.getTransportSupplier(NetworkModule.java:210) ~[main/:?]
	at org.elasticsearch.node.Node.<init>(Node.java:424) ~[main/:?]
	at org.elasticsearch.node.Node.<init>(Node.java:245) ~[main/:?]
	at org.elasticsearch.bootstrap.Bootstrap$5.<init>(Bootstrap.java:212) ~[main/:?]
	at org.elasticsearch.bootstrap.Bootstrap.setup(Bootstrap.java:212) ~[main/:?]
	at org.elasticsearch.bootstrap.Bootstrap.init(Bootstrap.java:322) ~[main/:?]
	at org.elasticsearch.bootstrap.Elasticsearch.init(Elasticsearch.java:125) ~[main/:?]
	... 6 more
[2019-02-03T05:03:23,708][INFO ][o.e.n.Node               ] [node-1] initializing ...
[2019-02-03T05:03:23,819][INFO ][o.e.e.NodeEnvironment    ] [node-1] using [1] data paths, mounts [[/ (/dev/disk0s2)]], net usable_space [799.4gb], net total_space [930.7gb], types [hfs]
[2019-02-03T05:03:23,820][INFO ][o.e.e.NodeEnvironment    ] [node-1] heap size [1.7gb], compressed ordinary object pointers [true]
[2019-02-03T05:03:23,821][INFO ][o.e.n.Node               ] [node-1] node name [node-1], node ID [nz_VpI8MTpuSUQOaRcGdLw]
[2019-02-03T05:03:23,821][INFO ][o.e.n.Node               ] [node-1] version[6.1.0-SNAPSHOT], pid[3106], build[Unknown/Unknown], OS[Mac OS X/10.13.4/x86_64], JVM[Oracle Corporation/Java HotSpot(TM) 64-Bit Server VM/1.8.0_151/25.151-b12]
[2019-02-03T05:03:23,821][INFO ][o.e.n.Node               ] [node-1] JVM arguments [-agentlib:jdwp=transport=dt_socket,address=127.0.0.1:57895,suspend=y,server=n, -javaagent:/Users/zscomehuyue/Library/Caches/IntelliJIdea2017.2/groovyHotSwap/gragent.jar, -Dfile.encoding=UTF-8]
[2019-02-03T05:03:23,821][WARN ][o.e.n.Node               ] [node-1] version [6.1.0-SNAPSHOT] is a pre-release version of Elasticsearch and is not suitable for production
[2019-02-03T05:03:23,827][INFO ][o.e.p.PluginsService     ] [node-1] no modules loaded
[2019-02-03T05:03:23,828][INFO ][o.e.p.PluginsService     ] [node-1] no plugins loaded
[2019-02-03T05:03:35,308][ERROR][o.e.b.Bootstrap          ] Exception
java.lang.IllegalStateException: Unsupported transport.type []
	at org.elasticsearch.common.network.NetworkModule.getTransportSupplier(NetworkModule.java:210) ~[main/:?]
	at org.elasticsearch.node.Node.<init>(Node.java:424) ~[main/:?]
	at org.elasticsearch.node.Node.<init>(Node.java:245) ~[main/:?]
	at org.elasticsearch.bootstrap.Bootstrap$5.<init>(Bootstrap.java:212) ~[main/:?]
	at org.elasticsearch.bootstrap.Bootstrap.setup(Bootstrap.java:212) ~[main/:?]
	at org.elasticsearch.bootstrap.Bootstrap.init(Bootstrap.java:322) [main/:?]
	at org.elasticsearch.bootstrap.Elasticsearch.init(Elasticsearch.java:125) [main/:?]
	at org.elasticsearch.bootstrap.Elasticsearch.execute(Elasticsearch.java:116) [main/:?]
	at org.elasticsearch.cli.EnvironmentAwareCommand.execute(EnvironmentAwareCommand.java:86) [main/:?]
	at org.elasticsearch.cli.Command.mainWithoutErrorHandling(Command.java:124) [main/:?]
	at org.elasticsearch.cli.Command.main(Command.java:90) [main/:?]
	at org.elasticsearch.bootstrap.Elasticsearch.main(Elasticsearch.java:96) [main/:?]
	at org.elasticsearch.bootstrap.Elasticsearch.main(Elasticsearch.java:89) [main/:?]
[2019-02-03T05:03:35,317][WARN ][o.e.b.ElasticsearchUncaughtExceptionHandler] [node-1] uncaught exception in thread [main]
org.elasticsearch.bootstrap.StartupException: java.lang.IllegalStateException: Unsupported transport.type []
	at org.elasticsearch.bootstrap.Elasticsearch.init(Elasticsearch.java:129) ~[main/:?]
	at org.elasticsearch.bootstrap.Elasticsearch.execute(Elasticsearch.java:116) ~[main/:?]
	at org.elasticsearch.cli.EnvironmentAwareCommand.execute(EnvironmentAwareCommand.java:86) ~[main/:?]
	at org.elasticsearch.cli.Command.mainWithoutErrorHandling(Command.java:124) ~[main/:?]
	at org.elasticsearch.cli.Command.main(Command.java:90) ~[main/:?]
	at org.elasticsearch.bootstrap.Elasticsearch.main(Elasticsearch.java:96) ~[main/:?]
	at org.elasticsearch.bootstrap.Elasticsearch.main(Elasticsearch.java:89) ~[main/:?]
Caused by: java.lang.IllegalStateException: Unsupported transport.type []
	at org.elasticsearch.common.network.NetworkModule.getTransportSupplier(NetworkModule.java:210) ~[main/:?]
	at org.elasticsearch.node.Node.<init>(Node.java:424) ~[main/:?]
	at org.elasticsearch.node.Node.<init>(Node.java:245) ~[main/:?]
	at org.elasticsearch.bootstrap.Bootstrap$5.<init>(Bootstrap.java:212) ~[main/:?]
	at org.elasticsearch.bootstrap.Bootstrap.setup(Bootstrap.java:212) ~[main/:?]
	at org.elasticsearch.bootstrap.Bootstrap.init(Bootstrap.java:322) ~[main/:?]
	at org.elasticsearch.bootstrap.Elasticsearch.init(Elasticsearch.java:125) ~[main/:?]
	... 6 more
[2019-02-03T05:04:40,060][INFO ][o.e.n.Node               ] [node-1] initializing ...
[2019-02-03T05:04:40,175][INFO ][o.e.e.NodeEnvironment    ] [node-1] using [1] data paths, mounts [[/ (/dev/disk0s2)]], net usable_space [799.4gb], net total_space [930.7gb], types [hfs]
[2019-02-03T05:04:40,175][INFO ][o.e.e.NodeEnvironment    ] [node-1] heap size [1.7gb], compressed ordinary object pointers [true]
[2019-02-03T05:04:40,176][INFO ][o.e.n.Node               ] [node-1] node name [node-1], node ID [nz_VpI8MTpuSUQOaRcGdLw]
[2019-02-03T05:04:40,176][INFO ][o.e.n.Node               ] [node-1] version[6.1.0-SNAPSHOT], pid[3108], build[Unknown/Unknown], OS[Mac OS X/10.13.4/x86_64], JVM[Oracle Corporation/Java HotSpot(TM) 64-Bit Server VM/1.8.0_151/25.151-b12]
[2019-02-03T05:04:40,177][INFO ][o.e.n.Node               ] [node-1] JVM arguments [-agentlib:jdwp=transport=dt_socket,address=127.0.0.1:57907,suspend=y,server=n, -javaagent:/Users/zscomehuyue/Library/Caches/IntelliJIdea2017.2/groovyHotSwap/gragent.jar, -Dfile.encoding=UTF-8]
[2019-02-03T05:04:40,177][WARN ][o.e.n.Node               ] [node-1] version [6.1.0-SNAPSHOT] is a pre-release version of Elasticsearch and is not suitable for production
[2019-02-03T05:04:40,182][INFO ][o.e.p.PluginsService     ] [node-1] no modules loaded
[2019-02-03T05:04:40,183][INFO ][o.e.p.PluginsService     ] [node-1] no plugins loaded
[2019-02-03T05:05:53,472][ERROR][o.e.b.Bootstrap          ] Exception
java.lang.IllegalStateException: Unsupported transport.type []
	at org.elasticsearch.common.network.NetworkModule.getTransportSupplier(NetworkModule.java:210) ~[main/:?]
	at org.elasticsearch.node.Node.<init>(Node.java:424) ~[main/:?]
	at org.elasticsearch.node.Node.<init>(Node.java:245) ~[main/:?]
	at org.elasticsearch.bootstrap.Bootstrap$5.<init>(Bootstrap.java:212) ~[main/:?]
	at org.elasticsearch.bootstrap.Bootstrap.setup(Bootstrap.java:212) ~[main/:?]
	at org.elasticsearch.bootstrap.Bootstrap.init(Bootstrap.java:322) [main/:?]
	at org.elasticsearch.bootstrap.Elasticsearch.init(Elasticsearch.java:125) [main/:?]
	at org.elasticsearch.bootstrap.Elasticsearch.execute(Elasticsearch.java:116) [main/:?]
	at org.elasticsearch.cli.EnvironmentAwareCommand.execute(EnvironmentAwareCommand.java:86) [main/:?]
	at org.elasticsearch.cli.Command.mainWithoutErrorHandling(Command.java:124) [main/:?]
	at org.elasticsearch.cli.Command.main(Command.java:90) [main/:?]
	at org.elasticsearch.bootstrap.Elasticsearch.main(Elasticsearch.java:96) [main/:?]
	at org.elasticsearch.bootstrap.Elasticsearch.main(Elasticsearch.java:89) [main/:?]
[2019-02-03T05:05:53,482][WARN ][o.e.b.ElasticsearchUncaughtExceptionHandler] [node-1] uncaught exception in thread [main]
org.elasticsearch.bootstrap.StartupException: java.lang.IllegalStateException: Unsupported transport.type []
	at org.elasticsearch.bootstrap.Elasticsearch.init(Elasticsearch.java:129) ~[main/:?]
	at org.elasticsearch.bootstrap.Elasticsearch.execute(Elasticsearch.java:116) ~[main/:?]
	at org.elasticsearch.cli.EnvironmentAwareCommand.execute(EnvironmentAwareCommand.java:86) ~[main/:?]
	at org.elasticsearch.cli.Command.mainWithoutErrorHandling(Command.java:124) ~[main/:?]
	at org.elasticsearch.cli.Command.main(Command.java:90) ~[main/:?]
	at org.elasticsearch.bootstrap.Elasticsearch.main(Elasticsearch.java:96) ~[main/:?]
	at org.elasticsearch.bootstrap.Elasticsearch.main(Elasticsearch.java:89) ~[main/:?]
Caused by: java.lang.IllegalStateException: Unsupported transport.type []
	at org.elasticsearch.common.network.NetworkModule.getTransportSupplier(NetworkModule.java:210) ~[main/:?]
	at org.elasticsearch.node.Node.<init>(Node.java:424) ~[main/:?]
	at org.elasticsearch.node.Node.<init>(Node.java:245) ~[main/:?]
	at org.elasticsearch.bootstrap.Bootstrap$5.<init>(Bootstrap.java:212) ~[main/:?]
	at org.elasticsearch.bootstrap.Bootstrap.setup(Bootstrap.java:212) ~[main/:?]
	at org.elasticsearch.bootstrap.Bootstrap.init(Bootstrap.java:322) ~[main/:?]
	at org.elasticsearch.bootstrap.Elasticsearch.init(Elasticsearch.java:125) ~[main/:?]
	... 6 more
[2019-02-03T05:08:43,470][INFO ][o.e.n.Node               ] [node-1] initializing ...
[2019-02-03T05:08:43,598][INFO ][o.e.e.NodeEnvironment    ] [node-1] using [1] data paths, mounts [[/ (/dev/disk0s2)]], net usable_space [799.4gb], net total_space [930.7gb], types [hfs]
[2019-02-03T05:08:43,598][INFO ][o.e.e.NodeEnvironment    ] [node-1] heap size [1.7gb], compressed ordinary object pointers [true]
[2019-02-03T05:08:43,600][INFO ][o.e.n.Node               ] [node-1] node name [node-1], node ID [nz_VpI8MTpuSUQOaRcGdLw]
[2019-02-03T05:08:43,600][INFO ][o.e.n.Node               ] [node-1] version[6.1.0-SNAPSHOT], pid[3141], build[Unknown/Unknown], OS[Mac OS X/10.13.4/x86_64], JVM[Oracle Corporation/Java HotSpot(TM) 64-Bit Server VM/1.8.0_151/25.151-b12]
[2019-02-03T05:08:43,600][INFO ][o.e.n.Node               ] [node-1] JVM arguments [-agentlib:jdwp=transport=dt_socket,address=127.0.0.1:57965,suspend=y,server=n, -javaagent:/Users/zscomehuyue/Library/Caches/IntelliJIdea2017.2/groovyHotSwap/gragent.jar, -Dfile.encoding=UTF-8]
[2019-02-03T05:08:43,600][WARN ][o.e.n.Node               ] [node-1] version [6.1.0-SNAPSHOT] is a pre-release version of Elasticsearch and is not suitable for production
[2019-02-03T05:08:43,606][INFO ][o.e.p.PluginsService     ] [node-1] no modules loaded
[2019-02-03T05:08:43,606][INFO ][o.e.p.PluginsService     ] [node-1] no plugins loaded
[2019-02-03T05:10:17,967][ERROR][o.e.b.Bootstrap          ] Exception
java.lang.IllegalStateException: Unsupported transport.type []
	at org.elasticsearch.common.network.NetworkModule.getTransportSupplier(NetworkModule.java:210) ~[main/:?]
	at org.elasticsearch.node.Node.<init>(Node.java:424) ~[main/:?]
	at org.elasticsearch.node.Node.<init>(Node.java:245) ~[main/:?]
	at org.elasticsearch.bootstrap.Bootstrap$5.<init>(Bootstrap.java:212) ~[main/:?]
	at org.elasticsearch.bootstrap.Bootstrap.setup(Bootstrap.java:212) ~[main/:?]
	at org.elasticsearch.bootstrap.Bootstrap.init(Bootstrap.java:322) [main/:?]
	at org.elasticsearch.bootstrap.Elasticsearch.init(Elasticsearch.java:125) [main/:?]
	at org.elasticsearch.bootstrap.Elasticsearch.execute(Elasticsearch.java:116) [main/:?]
	at org.elasticsearch.cli.EnvironmentAwareCommand.execute(EnvironmentAwareCommand.java:86) [main/:?]
	at org.elasticsearch.cli.Command.mainWithoutErrorHandling(Command.java:124) [main/:?]
	at org.elasticsearch.cli.Command.main(Command.java:90) [main/:?]
	at org.elasticsearch.bootstrap.Elasticsearch.main(Elasticsearch.java:96) [main/:?]
	at org.elasticsearch.bootstrap.Elasticsearch.main(Elasticsearch.java:89) [main/:?]
[2019-02-03T05:10:17,989][WARN ][o.e.b.ElasticsearchUncaughtExceptionHandler] [node-1] uncaught exception in thread [main]
org.elasticsearch.bootstrap.StartupException: java.lang.IllegalStateException: Unsupported transport.type []
	at org.elasticsearch.bootstrap.Elasticsearch.init(Elasticsearch.java:129) ~[main/:?]
	at org.elasticsearch.bootstrap.Elasticsearch.execute(Elasticsearch.java:116) ~[main/:?]
	at org.elasticsearch.cli.EnvironmentAwareCommand.execute(EnvironmentAwareCommand.java:86) ~[main/:?]
	at org.elasticsearch.cli.Command.mainWithoutErrorHandling(Command.java:124) ~[main/:?]
	at org.elasticsearch.cli.Command.main(Command.java:90) ~[main/:?]
	at org.elasticsearch.bootstrap.Elasticsearch.main(Elasticsearch.java:96) ~[main/:?]
	at org.elasticsearch.bootstrap.Elasticsearch.main(Elasticsearch.java:89) ~[main/:?]
Caused by: java.lang.IllegalStateException: Unsupported transport.type []
	at org.elasticsearch.common.network.NetworkModule.getTransportSupplier(NetworkModule.java:210) ~[main/:?]
	at org.elasticsearch.node.Node.<init>(Node.java:424) ~[main/:?]
	at org.elasticsearch.node.Node.<init>(Node.java:245) ~[main/:?]
	at org.elasticsearch.bootstrap.Bootstrap$5.<init>(Bootstrap.java:212) ~[main/:?]
	at org.elasticsearch.bootstrap.Bootstrap.setup(Bootstrap.java:212) ~[main/:?]
	at org.elasticsearch.bootstrap.Bootstrap.init(Bootstrap.java:322) ~[main/:?]
	at org.elasticsearch.bootstrap.Elasticsearch.init(Elasticsearch.java:125) ~[main/:?]
	... 6 more
[2019-02-03T05:10:48,223][INFO ][o.e.n.Node               ] [node-1] initializing ...
[2019-02-03T05:10:48,492][INFO ][o.e.e.NodeEnvironment    ] [node-1] using [1] data paths, mounts [[/ (/dev/disk0s2)]], net usable_space [799.4gb], net total_space [930.7gb], types [hfs]
[2019-02-03T05:10:48,492][INFO ][o.e.e.NodeEnvironment    ] [node-1] heap size [1.7gb], compressed ordinary object pointers [true]
[2019-02-03T05:10:48,493][INFO ][o.e.n.Node               ] [node-1] node name [node-1], node ID [nz_VpI8MTpuSUQOaRcGdLw]
[2019-02-03T05:10:48,494][INFO ][o.e.n.Node               ] [node-1] version[6.1.0-SNAPSHOT], pid[3144], build[Unknown/Unknown], OS[Mac OS X/10.13.4/x86_64], JVM[Oracle Corporation/Java HotSpot(TM) 64-Bit Server VM/1.8.0_151/25.151-b12]
[2019-02-03T05:10:48,494][INFO ][o.e.n.Node               ] [node-1] JVM arguments [-agentlib:jdwp=transport=dt_socket,address=127.0.0.1:57998,suspend=y,server=n, -javaagent:/Users/zscomehuyue/Library/Caches/IntelliJIdea2017.2/groovyHotSwap/gragent.jar, -Dfile.encoding=UTF-8]
[2019-02-03T05:10:48,494][WARN ][o.e.n.Node               ] [node-1] version [6.1.0-SNAPSHOT] is a pre-release version of Elasticsearch and is not suitable for production
[2019-02-03T05:10:48,503][INFO ][o.e.p.PluginsService     ] [node-1] no modules loaded
[2019-02-03T05:10:48,504][INFO ][o.e.p.PluginsService     ] [node-1] no plugins loaded
[2019-02-03T05:10:54,871][ERROR][o.e.b.Bootstrap          ] Exception
java.lang.IllegalStateException: Unsupported transport.type []
	at org.elasticsearch.common.network.NetworkModule.getTransportSupplier(NetworkModule.java:210) ~[main/:?]
	at org.elasticsearch.node.Node.<init>(Node.java:424) ~[main/:?]
	at org.elasticsearch.node.Node.<init>(Node.java:245) ~[main/:?]
	at org.elasticsearch.bootstrap.Bootstrap$5.<init>(Bootstrap.java:212) ~[main/:?]
	at org.elasticsearch.bootstrap.Bootstrap.setup(Bootstrap.java:212) ~[main/:?]
	at org.elasticsearch.bootstrap.Bootstrap.init(Bootstrap.java:322) [main/:?]
	at org.elasticsearch.bootstrap.Elasticsearch.init(Elasticsearch.java:125) [main/:?]
	at org.elasticsearch.bootstrap.Elasticsearch.execute(Elasticsearch.java:116) [main/:?]
	at org.elasticsearch.cli.EnvironmentAwareCommand.execute(EnvironmentAwareCommand.java:86) [main/:?]
	at org.elasticsearch.cli.Command.mainWithoutErrorHandling(Command.java:124) [main/:?]
	at org.elasticsearch.cli.Command.main(Command.java:90) [main/:?]
	at org.elasticsearch.bootstrap.Elasticsearch.main(Elasticsearch.java:96) [main/:?]
	at org.elasticsearch.bootstrap.Elasticsearch.main(Elasticsearch.java:89) [main/:?]
[2019-02-03T05:10:54,879][WARN ][o.e.b.ElasticsearchUncaughtExceptionHandler] [node-1] uncaught exception in thread [main]
org.elasticsearch.bootstrap.StartupException: java.lang.IllegalStateException: Unsupported transport.type []
	at org.elasticsearch.bootstrap.Elasticsearch.init(Elasticsearch.java:129) ~[main/:?]
	at org.elasticsearch.bootstrap.Elasticsearch.execute(Elasticsearch.java:116) ~[main/:?]
	at org.elasticsearch.cli.EnvironmentAwareCommand.execute(EnvironmentAwareCommand.java:86) ~[main/:?]
	at org.elasticsearch.cli.Command.mainWithoutErrorHandling(Command.java:124) ~[main/:?]
	at org.elasticsearch.cli.Command.main(Command.java:90) ~[main/:?]
	at org.elasticsearch.bootstrap.Elasticsearch.main(Elasticsearch.java:96) ~[main/:?]
	at org.elasticsearch.bootstrap.Elasticsearch.main(Elasticsearch.java:89) ~[main/:?]
Caused by: java.lang.IllegalStateException: Unsupported transport.type []
	at org.elasticsearch.common.network.NetworkModule.getTransportSupplier(NetworkModule.java:210) ~[main/:?]
	at org.elasticsearch.node.Node.<init>(Node.java:424) ~[main/:?]
	at org.elasticsearch.node.Node.<init>(Node.java:245) ~[main/:?]
	at org.elasticsearch.bootstrap.Bootstrap$5.<init>(Bootstrap.java:212) ~[main/:?]
	at org.elasticsearch.bootstrap.Bootstrap.setup(Bootstrap.java:212) ~[main/:?]
	at org.elasticsearch.bootstrap.Bootstrap.init(Bootstrap.java:322) ~[main/:?]
	at org.elasticsearch.bootstrap.Elasticsearch.init(Elasticsearch.java:125) ~[main/:?]
	... 6 more
[2019-02-03T05:11:05,009][INFO ][o.e.n.Node               ] [node-1] initializing ...
[2019-02-03T05:11:05,122][INFO ][o.e.e.NodeEnvironment    ] [node-1] using [1] data paths, mounts [[/ (/dev/disk0s2)]], net usable_space [799.4gb], net total_space [930.7gb], types [hfs]
[2019-02-03T05:11:05,122][INFO ][o.e.e.NodeEnvironment    ] [node-1] heap size [1.7gb], compressed ordinary object pointers [true]
[2019-02-03T05:11:05,123][INFO ][o.e.n.Node               ] [node-1] node name [node-1], node ID [nz_VpI8MTpuSUQOaRcGdLw]
[2019-02-03T05:11:05,124][INFO ][o.e.n.Node               ] [node-1] version[6.1.0-SNAPSHOT], pid[3146], build[Unknown/Unknown], OS[Mac OS X/10.13.4/x86_64], JVM[Oracle Corporation/Java HotSpot(TM) 64-Bit Server VM/1.8.0_151/25.151-b12]
[2019-02-03T05:11:05,124][INFO ][o.e.n.Node               ] [node-1] JVM arguments [-agentlib:jdwp=transport=dt_socket,address=127.0.0.1:58003,suspend=y,server=n, -javaagent:/Users/zscomehuyue/Library/Caches/IntelliJIdea2017.2/groovyHotSwap/gragent.jar, -Dfile.encoding=UTF-8]
[2019-02-03T05:11:05,124][WARN ][o.e.n.Node               ] [node-1] version [6.1.0-SNAPSHOT] is a pre-release version of Elasticsearch and is not suitable for production
[2019-02-03T05:11:05,131][INFO ][o.e.p.PluginsService     ] [node-1] no modules loaded
[2019-02-03T05:11:05,132][INFO ][o.e.p.PluginsService     ] [node-1] no plugins loaded
[2019-02-03T05:14:02,327][ERROR][o.e.b.Bootstrap          ] Exception
java.lang.IllegalStateException: Unsupported transport.type []
	at org.elasticsearch.common.network.NetworkModule.getTransportSupplier(NetworkModule.java:210) ~[main/:?]
	at org.elasticsearch.node.Node.<init>(Node.java:424) ~[main/:?]
	at org.elasticsearch.node.Node.<init>(Node.java:245) ~[main/:?]
	at org.elasticsearch.bootstrap.Bootstrap$5.<init>(Bootstrap.java:212) ~[main/:?]
	at org.elasticsearch.bootstrap.Bootstrap.setup(Bootstrap.java:212) ~[main/:?]
	at org.elasticsearch.bootstrap.Bootstrap.init(Bootstrap.java:322) [main/:?]
	at org.elasticsearch.bootstrap.Elasticsearch.init(Elasticsearch.java:125) [main/:?]
	at org.elasticsearch.bootstrap.Elasticsearch.execute(Elasticsearch.java:116) [main/:?]
	at org.elasticsearch.cli.EnvironmentAwareCommand.execute(EnvironmentAwareCommand.java:86) [main/:?]
	at org.elasticsearch.cli.Command.mainWithoutErrorHandling(Command.java:124) [main/:?]
	at org.elasticsearch.cli.Command.main(Command.java:90) [main/:?]
	at org.elasticsearch.bootstrap.Elasticsearch.main(Elasticsearch.java:96) [main/:?]
	at org.elasticsearch.bootstrap.Elasticsearch.main(Elasticsearch.java:89) [main/:?]
[2019-02-03T05:14:02,335][WARN ][o.e.b.ElasticsearchUncaughtExceptionHandler] [node-1] uncaught exception in thread [main]
org.elasticsearch.bootstrap.StartupException: java.lang.IllegalStateException: Unsupported transport.type []
	at org.elasticsearch.bootstrap.Elasticsearch.init(Elasticsearch.java:129) ~[main/:?]
	at org.elasticsearch.bootstrap.Elasticsearch.execute(Elasticsearch.java:116) ~[main/:?]
	at org.elasticsearch.cli.EnvironmentAwareCommand.execute(EnvironmentAwareCommand.java:86) ~[main/:?]
	at org.elasticsearch.cli.Command.mainWithoutErrorHandling(Command.java:124) ~[main/:?]
	at org.elasticsearch.cli.Command.main(Command.java:90) ~[main/:?]
	at org.elasticsearch.bootstrap.Elasticsearch.main(Elasticsearch.java:96) ~[main/:?]
	at org.elasticsearch.bootstrap.Elasticsearch.main(Elasticsearch.java:89) ~[main/:?]
Caused by: java.lang.IllegalStateException: Unsupported transport.type []
	at org.elasticsearch.common.network.NetworkModule.getTransportSupplier(NetworkModule.java:210) ~[main/:?]
	at org.elasticsearch.node.Node.<init>(Node.java:424) ~[main/:?]
	at org.elasticsearch.node.Node.<init>(Node.java:245) ~[main/:?]
	at org.elasticsearch.bootstrap.Bootstrap$5.<init>(Bootstrap.java:212) ~[main/:?]
	at org.elasticsearch.bootstrap.Bootstrap.setup(Bootstrap.java:212) ~[main/:?]
	at org.elasticsearch.bootstrap.Bootstrap.init(Bootstrap.java:322) ~[main/:?]
	at org.elasticsearch.bootstrap.Elasticsearch.init(Elasticsearch.java:125) ~[main/:?]
	... 6 more
[2019-02-03T05:15:37,475][INFO ][o.e.n.Node               ] [node-1] initializing ...
[2019-02-03T05:15:37,682][INFO ][o.e.e.NodeEnvironment    ] [node-1] using [1] data paths, mounts [[/ (/dev/disk0s2)]], net usable_space [799.4gb], net total_space [930.7gb], types [hfs]
[2019-02-03T05:15:37,683][INFO ][o.e.e.NodeEnvironment    ] [node-1] heap size [1.7gb], compressed ordinary object pointers [true]
[2019-02-03T05:15:37,684][INFO ][o.e.n.Node               ] [node-1] node name [node-1], node ID [nz_VpI8MTpuSUQOaRcGdLw]
[2019-02-03T05:15:37,684][INFO ][o.e.n.Node               ] [node-1] version[6.1.0-SNAPSHOT], pid[3189], build[Unknown/Unknown], OS[Mac OS X/10.13.4/x86_64], JVM[Oracle Corporation/Java HotSpot(TM) 64-Bit Server VM/1.8.0_151/25.151-b12]
[2019-02-03T05:15:37,685][INFO ][o.e.n.Node               ] [node-1] JVM arguments [-agentlib:jdwp=transport=dt_socket,address=127.0.0.1:58191,suspend=y,server=n, -javaagent:/Users/zscomehuyue/Library/Caches/IntelliJIdea2017.2/groovyHotSwap/gragent.jar, -Dfile.encoding=UTF-8]
[2019-02-03T05:15:37,685][WARN ][o.e.n.Node               ] [node-1] version [6.1.0-SNAPSHOT] is a pre-release version of Elasticsearch and is not suitable for production
[2019-02-03T05:15:37,694][INFO ][o.e.p.PluginsService     ] [node-1] no modules loaded
[2019-02-03T05:15:37,694][INFO ][o.e.p.PluginsService     ] [node-1] no plugins loaded
[2019-02-03T05:15:46,043][ERROR][o.e.b.Bootstrap          ] Exception
java.lang.IllegalStateException: Unsupported transport.type []
	at org.elasticsearch.common.network.NetworkModule.getTransportSupplier(NetworkModule.java:210) ~[main/:?]
	at org.elasticsearch.node.Node.<init>(Node.java:424) ~[main/:?]
	at org.elasticsearch.node.Node.<init>(Node.java:245) ~[main/:?]
	at org.elasticsearch.bootstrap.Bootstrap$5.<init>(Bootstrap.java:212) ~[main/:?]
	at org.elasticsearch.bootstrap.Bootstrap.setup(Bootstrap.java:212) ~[main/:?]
	at org.elasticsearch.bootstrap.Bootstrap.init(Bootstrap.java:322) [main/:?]
	at org.elasticsearch.bootstrap.Elasticsearch.init(Elasticsearch.java:125) [main/:?]
	at org.elasticsearch.bootstrap.Elasticsearch.execute(Elasticsearch.java:116) [main/:?]
	at org.elasticsearch.cli.EnvironmentAwareCommand.execute(EnvironmentAwareCommand.java:86) [main/:?]
	at org.elasticsearch.cli.Command.mainWithoutErrorHandling(Command.java:124) [main/:?]
	at org.elasticsearch.cli.Command.main(Command.java:90) [main/:?]
	at org.elasticsearch.bootstrap.Elasticsearch.main(Elasticsearch.java:96) [main/:?]
	at org.elasticsearch.bootstrap.Elasticsearch.main(Elasticsearch.java:89) [main/:?]
[2019-02-03T05:15:46,061][WARN ][o.e.b.ElasticsearchUncaughtExceptionHandler] [node-1] uncaught exception in thread [main]
org.elasticsearch.bootstrap.StartupException: java.lang.IllegalStateException: Unsupported transport.type []
	at org.elasticsearch.bootstrap.Elasticsearch.init(Elasticsearch.java:129) ~[main/:?]
	at org.elasticsearch.bootstrap.Elasticsearch.execute(Elasticsearch.java:116) ~[main/:?]
	at org.elasticsearch.cli.EnvironmentAwareCommand.execute(EnvironmentAwareCommand.java:86) ~[main/:?]
	at org.elasticsearch.cli.Command.mainWithoutErrorHandling(Command.java:124) ~[main/:?]
	at org.elasticsearch.cli.Command.main(Command.java:90) ~[main/:?]
	at org.elasticsearch.bootstrap.Elasticsearch.main(Elasticsearch.java:96) ~[main/:?]
	at org.elasticsearch.bootstrap.Elasticsearch.main(Elasticsearch.java:89) ~[main/:?]
Caused by: java.lang.IllegalStateException: Unsupported transport.type []
	at org.elasticsearch.common.network.NetworkModule.getTransportSupplier(NetworkModule.java:210) ~[main/:?]
	at org.elasticsearch.node.Node.<init>(Node.java:424) ~[main/:?]
	at org.elasticsearch.node.Node.<init>(Node.java:245) ~[main/:?]
	at org.elasticsearch.bootstrap.Bootstrap$5.<init>(Bootstrap.java:212) ~[main/:?]
	at org.elasticsearch.bootstrap.Bootstrap.setup(Bootstrap.java:212) ~[main/:?]
	at org.elasticsearch.bootstrap.Bootstrap.init(Bootstrap.java:322) ~[main/:?]
	at org.elasticsearch.bootstrap.Elasticsearch.init(Elasticsearch.java:125) ~[main/:?]
	... 6 more
[2019-02-03T05:16:32,717][INFO ][o.e.n.Node               ] [node-1] initializing ...
[2019-02-03T05:16:32,842][INFO ][o.e.e.NodeEnvironment    ] [node-1] using [1] data paths, mounts [[/ (/dev/disk0s2)]], net usable_space [799.4gb], net total_space [930.7gb], types [hfs]
[2019-02-03T05:16:32,842][INFO ][o.e.e.NodeEnvironment    ] [node-1] heap size [1.7gb], compressed ordinary object pointers [true]
[2019-02-03T05:16:32,844][INFO ][o.e.n.Node               ] [node-1] node name [node-1], node ID [nz_VpI8MTpuSUQOaRcGdLw]
[2019-02-03T05:16:32,844][INFO ][o.e.n.Node               ] [node-1] version[6.1.0-SNAPSHOT], pid[3192], build[Unknown/Unknown], OS[Mac OS X/10.13.4/x86_64], JVM[Oracle Corporation/Java HotSpot(TM) 64-Bit Server VM/1.8.0_151/25.151-b12]
[2019-02-03T05:16:32,844][INFO ][o.e.n.Node               ] [node-1] JVM arguments [-agentlib:jdwp=transport=dt_socket,address=127.0.0.1:58196,suspend=y,server=n, -javaagent:/Users/zscomehuyue/Library/Caches/IntelliJIdea2017.2/groovyHotSwap/gragent.jar, -Dfile.encoding=UTF-8]
[2019-02-03T05:16:32,844][WARN ][o.e.n.Node               ] [node-1] version [6.1.0-SNAPSHOT] is a pre-release version of Elasticsearch and is not suitable for production
[2019-02-03T05:16:32,849][INFO ][o.e.p.PluginsService     ] [node-1] no modules loaded
[2019-02-03T05:16:32,850][INFO ][o.e.p.PluginsService     ] [node-1] no plugins loaded
[2019-02-03T05:16:34,574][ERROR][o.e.b.Bootstrap          ] Exception
java.lang.IllegalStateException: Unsupported transport.type []
	at org.elasticsearch.common.network.NetworkModule.getTransportSupplier(NetworkModule.java:210) ~[main/:?]
	at org.elasticsearch.node.Node.<init>(Node.java:424) ~[main/:?]
	at org.elasticsearch.node.Node.<init>(Node.java:245) ~[main/:?]
	at org.elasticsearch.bootstrap.Bootstrap$5.<init>(Bootstrap.java:212) ~[main/:?]
	at org.elasticsearch.bootstrap.Bootstrap.setup(Bootstrap.java:212) ~[main/:?]
	at org.elasticsearch.bootstrap.Bootstrap.init(Bootstrap.java:322) [main/:?]
	at org.elasticsearch.bootstrap.Elasticsearch.init(Elasticsearch.java:125) [main/:?]
	at org.elasticsearch.bootstrap.Elasticsearch.execute(Elasticsearch.java:116) [main/:?]
	at org.elasticsearch.cli.EnvironmentAwareCommand.execute(EnvironmentAwareCommand.java:86) [main/:?]
	at org.elasticsearch.cli.Command.mainWithoutErrorHandling(Command.java:124) [main/:?]
	at org.elasticsearch.cli.Command.main(Command.java:90) [main/:?]
	at org.elasticsearch.bootstrap.Elasticsearch.main(Elasticsearch.java:96) [main/:?]
	at org.elasticsearch.bootstrap.Elasticsearch.main(Elasticsearch.java:89) [main/:?]
[2019-02-03T05:16:34,584][WARN ][o.e.b.ElasticsearchUncaughtExceptionHandler] [node-1] uncaught exception in thread [main]
org.elasticsearch.bootstrap.StartupException: java.lang.IllegalStateException: Unsupported transport.type []
	at org.elasticsearch.bootstrap.Elasticsearch.init(Elasticsearch.java:129) ~[main/:?]
	at org.elasticsearch.bootstrap.Elasticsearch.execute(Elasticsearch.java:116) ~[main/:?]
	at org.elasticsearch.cli.EnvironmentAwareCommand.execute(EnvironmentAwareCommand.java:86) ~[main/:?]
	at org.elasticsearch.cli.Command.mainWithoutErrorHandling(Command.java:124) ~[main/:?]
	at org.elasticsearch.cli.Command.main(Command.java:90) ~[main/:?]
	at org.elasticsearch.bootstrap.Elasticsearch.main(Elasticsearch.java:96) ~[main/:?]
	at org.elasticsearch.bootstrap.Elasticsearch.main(Elasticsearch.java:89) ~[main/:?]
Caused by: java.lang.IllegalStateException: Unsupported transport.type []
	at org.elasticsearch.common.network.NetworkModule.getTransportSupplier(NetworkModule.java:210) ~[main/:?]
	at org.elasticsearch.node.Node.<init>(Node.java:424) ~[main/:?]
	at org.elasticsearch.node.Node.<init>(Node.java:245) ~[main/:?]
	at org.elasticsearch.bootstrap.Bootstrap$5.<init>(Bootstrap.java:212) ~[main/:?]
	at org.elasticsearch.bootstrap.Bootstrap.setup(Bootstrap.java:212) ~[main/:?]
	at org.elasticsearch.bootstrap.Bootstrap.init(Bootstrap.java:322) ~[main/:?]
	at org.elasticsearch.bootstrap.Elasticsearch.init(Elasticsearch.java:125) ~[main/:?]
	... 6 more
